"gcc -o conftest -I/tmp/build_6e8d795bfd312046ee15a12a6fa574e6/vendor/ruby-2.0.0/include/ruby-2.0.0/x86_64-linux -I/tmp/build_6e8d795bfd312046ee15a12a6fa574e6/vendor/ruby-2.0.0/include/ruby-2.0.0/ruby/backward -I/tmp/build_6e8d795bfd312046ee15a12a6fa574e6/vendor/ruby-2.0.0/include/ruby-2.0.0 -I.     -O3 -fno-fast-math -g -Wall -Wextra -Wno-unused-parameter -Wno-parentheses -Wno-long-long -Wno-missing-field-initializers -Wunused-variable -Wpointer-arith -Wwrite-strings -Wdeclaration-after-statement -Wimplicit-function-declaration  conftest.c  -L. -L/tmp/build_6e8d795bfd312046ee15a12a6fa574e6/vendor/ruby-2.0.0/lib -Wl,-R/tmp/build_6e8d795bfd312046ee15a12a6fa574e6/vendor/ruby-2.0.0/lib -L. -fstack-protector -rdynamic -Wl,-export-dynamic     -Wl,-R -Wl,/tmp/build_6e8d795bfd312046ee15a12a6fa574e6/vendor/ruby-2.0.0/lib -L/tmp/build_6e8d795bfd312046ee15a12a6fa574e6/vendor/ruby-2.0.0/lib -lruby-static  -lpthread -lrt -ldl -lcrypt -lm   -lc "
checked program was:
/* begin */
1: #include "ruby.h"
2: 
3: int main(int argc, char **argv)
4: {
5:   return 0;
6: }
/* end */

"gcc -I/tmp/build_6e8d795bfd312046ee15a12a6fa574e6/vendor/ruby-2.0.0/include/ruby-2.0.0/x86_64-linux -I/tmp/build_6e8d795bfd312046ee15a12a6fa574e6/vendor/ruby-2.0.0/include/ruby-2.0.0/ruby/backward -I/tmp/build_6e8d795bfd312046ee15a12a6fa574e6/vendor/ruby-2.0.0/include/ruby-2.0.0 -I.     -O3 -fno-fast-math -g -Wall -Wextra -Wno-unused-parameter -Wno-parentheses -Wno-long-long -Wno-missing-field-initializers -Wunused-variable -Wpointer-arith -Wwrite-strings -Wdeclaration-after-statement -Wimplicit-function-declaration    -Werror -c conftest.c"
checked program was:
/* begin */
1: #include "ruby.h"
2: 
3: int main() {return 0;}
/* end */

"gcc -o conftest -I/tmp/build_6e8d795bfd312046ee15a12a6fa574e6/vendor/ruby-2.0.0/include/ruby-2.0.0/x86_64-linux -I/tmp/build_6e8d795bfd312046ee15a12a6fa574e6/vendor/ruby-2.0.0/include/ruby-2.0.0/ruby/backward -I/tmp/build_6e8d795bfd312046ee15a12a6fa574e6/vendor/ruby-2.0.0/include/ruby-2.0.0 -I.     -O3 -fno-fast-math -g -Wall -Wextra -Wno-unused-parameter -Wno-parentheses -Wno-long-long -Wno-missing-field-initializers -Wunused-variable -Wpointer-arith -Wwrite-strings -Wdeclaration-after-statement -Wimplicit-function-declaration  -g -DXP_UNIX -O3 -Wall -Wcast-qual -Wwrite-strings -Wconversion -Wmissing-noreturn -Winline conftest.c  -L. -L/tmp/build_6e8d795bfd312046ee15a12a6fa574e6/vendor/ruby-2.0.0/lib -Wl,-R/tmp/build_6e8d795bfd312046ee15a12a6fa574e6/vendor/ruby-2.0.0/lib -L. -fstack-protector -rdynamic -Wl,-export-dynamic     -Wl,-R -Wl,/tmp/build_6e8d795bfd312046ee15a12a6fa574e6/vendor/ruby-2.0.0/lib -L/tmp/build_6e8d795bfd312046ee15a12a6fa574e6/vendor/ruby-2.0.0/lib -lruby-static -lxml2 -lpthread -lrt -ldl -lcrypt -lm   -lc "
In file included from /tmp/build_6e8d795bfd312046ee15a12a6fa574e6/vendor/ruby-2.0.0/include/ruby-2.0.0/ruby.h:33:0,
                 from conftest.c:1:
/tmp/build_6e8d795bfd312046ee15a12a6fa574e6/vendor/ruby-2.0.0/include/ruby-2.0.0/ruby/ruby.h: In function ‘rb_float_value’:
/tmp/build_6e8d795bfd312046ee15a12a6fa574e6/vendor/ruby-2.0.0/include/ruby-2.0.0/ruby/ruby.h:777:6: warning: negative integer implicitly converted to unsigned type [-Wsign-conversion]
      t.v = RUBY_BIT_ROTR((2 - b63) | (v & ~0x03), 3);
      ^
/tmp/build_6e8d795bfd312046ee15a12a6fa574e6/vendor/ruby-2.0.0/include/ruby-2.0.0/ruby/ruby.h:777:6: warning: negative integer implicitly converted to unsigned type [-Wsign-conversion]
checked program was:
/* begin */
1: #include "ruby.h"
2: 
3: int main(int argc, char **argv)
4: {
5:   return 0;
6: }
/* end */

package configuration for libxml-2.0
cflags: -I/usr/include/libxml2
ldflags: 
libs: -lxml2

"gcc -o conftest -I/tmp/build_6e8d795bfd312046ee15a12a6fa574e6/vendor/ruby-2.0.0/include/ruby-2.0.0/x86_64-linux -I/tmp/build_6e8d795bfd312046ee15a12a6fa574e6/vendor/ruby-2.0.0/include/ruby-2.0.0/ruby/backward -I/tmp/build_6e8d795bfd312046ee15a12a6fa574e6/vendor/ruby-2.0.0/include/ruby-2.0.0 -I.     -O3 -fno-fast-math -g -Wall -Wextra -Wno-unused-parameter -Wno-parentheses -Wno-long-long -Wno-missing-field-initializers -Wunused-variable -Wpointer-arith -Wwrite-strings -Wdeclaration-after-statement -Wimplicit-function-declaration  -g -DXP_UNIX -O3 -Wall -Wcast-qual -Wwrite-strings -Wconversion -Wmissing-noreturn -Winline -I/usr/include/libxml2 conftest.c  -L. -L/tmp/build_6e8d795bfd312046ee15a12a6fa574e6/vendor/ruby-2.0.0/lib -Wl,-R/tmp/build_6e8d795bfd312046ee15a12a6fa574e6/vendor/ruby-2.0.0/lib -L. -fstack-protector -rdynamic -Wl,-export-dynamic      -lxml2 -Wl,-R -Wl,/tmp/build_6e8d795bfd312046ee15a12a6fa574e6/vendor/ruby-2.0.0/lib -L/tmp/build_6e8d795bfd312046ee15a12a6fa574e6/vendor/ruby-2.0.0/lib -lruby-static -lxslt -lxml2 -lpthread -lrt -ldl -lcrypt -lm   -lc "
In file included from /tmp/build_6e8d795bfd312046ee15a12a6fa574e6/vendor/ruby-2.0.0/include/ruby-2.0.0/ruby.h:33:0,
                 from conftest.c:1:
/tmp/build_6e8d795bfd312046ee15a12a6fa574e6/vendor/ruby-2.0.0/include/ruby-2.0.0/ruby/ruby.h: In function ‘rb_float_value’:
/tmp/build_6e8d795bfd312046ee15a12a6fa574e6/vendor/ruby-2.0.0/include/ruby-2.0.0/ruby/ruby.h:777:6: warning: negative integer implicitly converted to unsigned type [-Wsign-conversion]
      t.v = RUBY_BIT_ROTR((2 - b63) | (v & ~0x03), 3);
      ^
/tmp/build_6e8d795bfd312046ee15a12a6fa574e6/vendor/ruby-2.0.0/include/ruby-2.0.0/ruby/ruby.h:777:6: warning: negative integer implicitly converted to unsigned type [-Wsign-conversion]
checked program was:
/* begin */
1: #include "ruby.h"
2: 
3: int main(int argc, char **argv)
4: {
5:   return 0;
6: }
/* end */

package configuration for libxslt
cflags: -I/usr/include/libxml2
ldflags: 
libs: -lxslt -lxml2

"gcc -o conftest -I/tmp/build_6e8d795bfd312046ee15a12a6fa574e6/vendor/ruby-2.0.0/include/ruby-2.0.0/x86_64-linux -I/tmp/build_6e8d795bfd312046ee15a12a6fa574e6/vendor/ruby-2.0.0/include/ruby-2.0.0/ruby/backward -I/tmp/build_6e8d795bfd312046ee15a12a6fa574e6/vendor/ruby-2.0.0/include/ruby-2.0.0 -I.     -O3 -fno-fast-math -g -Wall -Wextra -Wno-unused-parameter -Wno-parentheses -Wno-long-long -Wno-missing-field-initializers -Wunused-variable -Wpointer-arith -Wwrite-strings -Wdeclaration-after-statement -Wimplicit-function-declaration  -g -DXP_UNIX -O3 -Wall -Wcast-qual -Wwrite-strings -Wconversion -Wmissing-noreturn -Winline -I/usr/include/libxml2 -I/usr/include/libxml2 conftest.c  -L. -L/tmp/build_6e8d795bfd312046ee15a12a6fa574e6/vendor/ruby-2.0.0/lib -Wl,-R/tmp/build_6e8d795bfd312046ee15a12a6fa574e6/vendor/ruby-2.0.0/lib -L. -fstack-protector -rdynamic -Wl,-export-dynamic       -lxml2 -lxslt -lxml2 -Wl,-R -Wl,/tmp/build_6e8d795bfd312046ee15a12a6fa574e6/vendor/ruby-2.0.0/lib -L/tmp/build_6e8d795bfd312046ee15a12a6fa574e6/vendor/ruby-2.0.0/lib -lruby-static -lexslt -lxslt -lxml2 -lpthread -lrt -ldl -lcrypt -lm   -lc "
In file included from /tmp/build_6e8d795bfd312046ee15a12a6fa574e6/vendor/ruby-2.0.0/include/ruby-2.0.0/ruby.h:33:0,
                 from conftest.c:1:
/tmp/build_6e8d795bfd312046ee15a12a6fa574e6/vendor/ruby-2.0.0/include/ruby-2.0.0/ruby/ruby.h: In function ‘rb_float_value’:
/tmp/build_6e8d795bfd312046ee15a12a6fa574e6/vendor/ruby-2.0.0/include/ruby-2.0.0/ruby/ruby.h:777:6: warning: negative integer implicitly converted to unsigned type [-Wsign-conversion]
      t.v = RUBY_BIT_ROTR((2 - b63) | (v & ~0x03), 3);
      ^
/tmp/build_6e8d795bfd312046ee15a12a6fa574e6/vendor/ruby-2.0.0/include/ruby-2.0.0/ruby/ruby.h:777:6: warning: negative integer implicitly converted to unsigned type [-Wsign-conversion]
checked program was:
/* begin */
1: #include "ruby.h"
2: 
3: int main(int argc, char **argv)
4: {
5:   return 0;
6: }
/* end */

package configuration for libexslt
cflags: -I/usr/include/libxml2
ldflags: 
libs: -lexslt -lxslt -lxml2

"gcc -E -I/tmp/build_6e8d795bfd312046ee15a12a6fa574e6/vendor/ruby-2.0.0/include/ruby-2.0.0/x86_64-linux -I/tmp/build_6e8d795bfd312046ee15a12a6fa574e6/vendor/ruby-2.0.0/include/ruby-2.0.0/ruby/backward -I/tmp/build_6e8d795bfd312046ee15a12a6fa574e6/vendor/ruby-2.0.0/include/ruby-2.0.0 -I.     -O3 -fno-fast-math -g -Wall -Wextra -Wno-unused-parameter -Wno-parentheses -Wno-long-long -Wno-missing-field-initializers -Wunused-variable -Wpointer-arith -Wwrite-strings -Wdeclaration-after-statement -Wimplicit-function-declaration  -g -DXP_UNIX -O3 -Wall -Wcast-qual -Wwrite-strings -Wconversion -Wmissing-noreturn -Winline -I/usr/include/libxml2 -I/usr/include/libxml2 -I/usr/include/libxml2  conftest.c -o conftest.i"
checked program was:
/* begin */
1: #include "ruby.h"
2: 
3: #include <libxml/xmlversion.h>
4: 
5: #if LIBXML_VERSION < 20621
6: #error libxml2 is way too old
7: #endif
/* end */

"gcc -E -I/tmp/build_6e8d795bfd312046ee15a12a6fa574e6/vendor/ruby-2.0.0/include/ruby-2.0.0/x86_64-linux -I/tmp/build_6e8d795bfd312046ee15a12a6fa574e6/vendor/ruby-2.0.0/include/ruby-2.0.0/ruby/backward -I/tmp/build_6e8d795bfd312046ee15a12a6fa574e6/vendor/ruby-2.0.0/include/ruby-2.0.0 -I.     -O3 -fno-fast-math -g -Wall -Wextra -Wno-unused-parameter -Wno-parentheses -Wno-long-long -Wno-missing-field-initializers -Wunused-variable -Wpointer-arith -Wwrite-strings -Wdeclaration-after-statement -Wimplicit-function-declaration  -g -DXP_UNIX -O3 -Wall -Wcast-qual -Wwrite-strings -Wconversion -Wmissing-noreturn -Winline -I/usr/include/libxml2 -I/usr/include/libxml2 -I/usr/include/libxml2  conftest.c -o conftest.i"
conftest.c:6:2: error: #error libxml2 is too old
 #error libxml2 is too old
  ^
checked program was:
/* begin */
1: #include "ruby.h"
2: 
3: #include <libxml/xmlversion.h>
4: 
5: #if LIBXML_VERSION < 20902
6: #error libxml2 is too old
7: #endif
/* end */

have_func: checking for xmlParseDoc() in libxml/parser.h... -------------------- yes

"gcc -o conftest -I/tmp/build_6e8d795bfd312046ee15a12a6fa574e6/vendor/ruby-2.0.0/include/ruby-2.0.0/x86_64-linux -I/tmp/build_6e8d795bfd312046ee15a12a6fa574e6/vendor/ruby-2.0.0/include/ruby-2.0.0/ruby/backward -I/tmp/build_6e8d795bfd312046ee15a12a6fa574e6/vendor/ruby-2.0.0/include/ruby-2.0.0 -I.     -O3 -fno-fast-math -g -Wall -Wextra -Wno-unused-parameter -Wno-parentheses -Wno-long-long -Wno-missing-field-initializers -Wunused-variable -Wpointer-arith -Wwrite-strings -Wdeclaration-after-statement -Wimplicit-function-declaration  -g -DXP_UNIX -O3 -Wall -Wcast-qual -Wwrite-strings -Wconversion -Wmissing-noreturn -Winline -I/usr/include/libxml2 -I/usr/include/libxml2 -I/usr/include/libxml2 conftest.c  -L. -L/tmp/build_6e8d795bfd312046ee15a12a6fa574e6/vendor/ruby-2.0.0/lib -Wl,-R/tmp/build_6e8d795bfd312046ee15a12a6fa574e6/vendor/ruby-2.0.0/lib -L. -fstack-protector -rdynamic -Wl,-export-dynamic        -lxml2 -lxslt -lxml2 -lexslt -lxslt -lxml2 -Wl,-R -Wl,/tmp/build_6e8d795bfd312046ee15a12a6fa574e6/vendor/ruby-2.0.0/lib -L/tmp/build_6e8d795bfd312046ee15a12a6fa574e6/vendor/ruby-2.0.0/lib -lruby-static  -lxml2 -lxslt -lxml2 -lexslt -lxslt -lxml2 -lpthread -lrt -ldl -lcrypt -lm   -lc "
In file included from /tmp/build_6e8d795bfd312046ee15a12a6fa574e6/vendor/ruby-2.0.0/include/ruby-2.0.0/ruby.h:33:0,
                 from conftest.c:1:
/tmp/build_6e8d795bfd312046ee15a12a6fa574e6/vendor/ruby-2.0.0/include/ruby-2.0.0/ruby/ruby.h: In function ‘rb_float_value’:
/tmp/build_6e8d795bfd312046ee15a12a6fa574e6/vendor/ruby-2.0.0/include/ruby-2.0.0/ruby/ruby.h:777:6: warning: negative integer implicitly converted to unsigned type [-Wsign-conversion]
      t.v = RUBY_BIT_ROTR((2 - b63) | (v & ~0x03), 3);
      ^
/tmp/build_6e8d795bfd312046ee15a12a6fa574e6/vendor/ruby-2.0.0/include/ruby-2.0.0/ruby/ruby.h:777:6: warning: negative integer implicitly converted to unsigned type [-Wsign-conversion]
conftest.c: In function ‘t’:
conftest.c:7:32: warning: variable ‘p’ set but not used [-Wunused-but-set-variable]
 int t(void) { void ((*volatile p)()); p = (void ((*)()))xmlParseDoc; return 0; }
                                ^
checked program was:
/* begin */
 1: #include "ruby.h"
 2: 
 3: #include <libxml/parser.h>
 4: 
 5: /*top*/
 6: extern int t(void);
 7: int t(void) { void ((*volatile p)()); p = (void ((*)()))xmlParseDoc; return 0; }
 8: int main(int argc, char **argv)
 9: {
10:   if (argc > 1000000) {
11:     printf("%p", &t);
12:   }
13: 
14:   return 0;
15: }
/* end */

--------------------

have_func: checking for xsltParseStylesheetDoc() in libxslt/xslt.h... -------------------- yes

"gcc -o conftest -I/tmp/build_6e8d795bfd312046ee15a12a6fa574e6/vendor/ruby-2.0.0/include/ruby-2.0.0/x86_64-linux -I/tmp/build_6e8d795bfd312046ee15a12a6fa574e6/vendor/ruby-2.0.0/include/ruby-2.0.0/ruby/backward -I/tmp/build_6e8d795bfd312046ee15a12a6fa574e6/vendor/ruby-2.0.0/include/ruby-2.0.0 -I.     -O3 -fno-fast-math -g -Wall -Wextra -Wno-unused-parameter -Wno-parentheses -Wno-long-long -Wno-missing-field-initializers -Wunused-variable -Wpointer-arith -Wwrite-strings -Wdeclaration-after-statement -Wimplicit-function-declaration  -g -DXP_UNIX -O3 -Wall -Wcast-qual -Wwrite-strings -Wconversion -Wmissing-noreturn -Winline -I/usr/include/libxml2 -I/usr/include/libxml2 -I/usr/include/libxml2 conftest.c  -L. -L/tmp/build_6e8d795bfd312046ee15a12a6fa574e6/vendor/ruby-2.0.0/lib -Wl,-R/tmp/build_6e8d795bfd312046ee15a12a6fa574e6/vendor/ruby-2.0.0/lib -L. -fstack-protector -rdynamic -Wl,-export-dynamic        -lxml2 -lxslt -lxml2 -lexslt -lxslt -lxml2 -Wl,-R -Wl,/tmp/build_6e8d795bfd312046ee15a12a6fa574e6/vendor/ruby-2.0.0/lib -L/tmp/build_6e8d795bfd312046ee15a12a6fa574e6/vendor/ruby-2.0.0/lib -lruby-static  -lxml2 -lxslt -lxml2 -lexslt -lxslt -lxml2 -lpthread -lrt -ldl -lcrypt -lm   -lc "
In file included from /tmp/build_6e8d795bfd312046ee15a12a6fa574e6/vendor/ruby-2.0.0/include/ruby-2.0.0/ruby.h:33:0,
                 from conftest.c:1:
/tmp/build_6e8d795bfd312046ee15a12a6fa574e6/vendor/ruby-2.0.0/include/ruby-2.0.0/ruby/ruby.h: In function ‘rb_float_value’:
/tmp/build_6e8d795bfd312046ee15a12a6fa574e6/vendor/ruby-2.0.0/include/ruby-2.0.0/ruby/ruby.h:777:6: warning: negative integer implicitly converted to unsigned type [-Wsign-conversion]
      t.v = RUBY_BIT_ROTR((2 - b63) | (v & ~0x03), 3);
      ^
/tmp/build_6e8d795bfd312046ee15a12a6fa574e6/vendor/ruby-2.0.0/include/ruby-2.0.0/ruby/ruby.h:777:6: warning: negative integer implicitly converted to unsigned type [-Wsign-conversion]
conftest.c: In function ‘t’:
conftest.c:7:57: error: ‘xsltParseStylesheetDoc’ undeclared (first use in this function)
 int t(void) { void ((*volatile p)()); p = (void ((*)()))xsltParseStylesheetDoc; return 0; }
                                                         ^
conftest.c:7:57: note: each undeclared identifier is reported only once for each function it appears in
conftest.c:7:32: warning: variable ‘p’ set but not used [-Wunused-but-set-variable]
 int t(void) { void ((*volatile p)()); p = (void ((*)()))xsltParseStylesheetDoc; return 0; }
                                ^
checked program was:
/* begin */
 1: #include "ruby.h"
 2: 
 3: #include <libxslt/xslt.h>
 4: 
 5: /*top*/
 6: extern int t(void);
 7: int t(void) { void ((*volatile p)()); p = (void ((*)()))xsltParseStylesheetDoc; return 0; }
 8: int main(int argc, char **argv)
 9: {
10:   if (argc > 1000000) {
11:     printf("%p", &t);
12:   }
13: 
14:   return 0;
15: }
/* end */

"gcc -o conftest -I/tmp/build_6e8d795bfd312046ee15a12a6fa574e6/vendor/ruby-2.0.0/include/ruby-2.0.0/x86_64-linux -I/tmp/build_6e8d795bfd312046ee15a12a6fa574e6/vendor/ruby-2.0.0/include/ruby-2.0.0/ruby/backward -I/tmp/build_6e8d795bfd312046ee15a12a6fa574e6/vendor/ruby-2.0.0/include/ruby-2.0.0 -I.     -O3 -fno-fast-math -g -Wall -Wextra -Wno-unused-parameter -Wno-parentheses -Wno-long-long -Wno-missing-field-initializers -Wunused-variable -Wpointer-arith -Wwrite-strings -Wdeclaration-after-statement -Wimplicit-function-declaration  -g -DXP_UNIX -O3 -Wall -Wcast-qual -Wwrite-strings -Wconversion -Wmissing-noreturn -Winline -I/usr/include/libxml2 -I/usr/include/libxml2 -I/usr/include/libxml2 conftest.c  -L. -L/tmp/build_6e8d795bfd312046ee15a12a6fa574e6/vendor/ruby-2.0.0/lib -Wl,-R/tmp/build_6e8d795bfd312046ee15a12a6fa574e6/vendor/ruby-2.0.0/lib -L. -fstack-protector -rdynamic -Wl,-export-dynamic        -lxml2 -lxslt -lxml2 -lexslt -lxslt -lxml2 -Wl,-R -Wl,/tmp/build_6e8d795bfd312046ee15a12a6fa574e6/vendor/ruby-2.0.0/lib -L/tmp/build_6e8d795bfd312046ee15a12a6fa574e6/vendor/ruby-2.0.0/lib -lruby-static  -lxml2 -lxslt -lxml2 -lexslt -lxslt -lxml2 -lpthread -lrt -ldl -lcrypt -lm   -lc "
In file included from /tmp/build_6e8d795bfd312046ee15a12a6fa574e6/vendor/ruby-2.0.0/include/ruby-2.0.0/ruby.h:33:0,
                 from conftest.c:1:
/tmp/build_6e8d795bfd312046ee15a12a6fa574e6/vendor/ruby-2.0.0/include/ruby-2.0.0/ruby/ruby.h: In function ‘rb_float_value’:
/tmp/build_6e8d795bfd312046ee15a12a6fa574e6/vendor/ruby-2.0.0/include/ruby-2.0.0/ruby/ruby.h:777:6: warning: negative integer implicitly converted to unsigned type [-Wsign-conversion]
      t.v = RUBY_BIT_ROTR((2 - b63) | (v & ~0x03), 3);
      ^
/tmp/build_6e8d795bfd312046ee15a12a6fa574e6/vendor/ruby-2.0.0/include/ruby-2.0.0/ruby/ruby.h:777:6: warning: negative integer implicitly converted to unsigned type [-Wsign-conversion]
conftest.c: In function ‘t’:
conftest.c:7:1: warning: implicit declaration of function ‘xsltParseStylesheetDoc’ [-Wimplicit-function-declaration]
 int t(void) { xsltParseStylesheetDoc(); return 0; }
 ^
checked program was:
/* begin */
 1: #include "ruby.h"
 2: 
 3: #include <libxslt/xslt.h>
 4: 
 5: /*top*/
 6: extern int t(void);
 7: int t(void) { xsltParseStylesheetDoc(); return 0; }
 8: int main(int argc, char **argv)
 9: {
10:   if (argc > 1000000) {
11:     printf("%p", &t);
12:   }
13: 
14:   return 0;
15: }
/* end */

--------------------

have_func: checking for exsltFuncRegister() in libexslt/exslt.h... -------------------- yes

"gcc -o conftest -I/tmp/build_6e8d795bfd312046ee15a12a6fa574e6/vendor/ruby-2.0.0/include/ruby-2.0.0/x86_64-linux -I/tmp/build_6e8d795bfd312046ee15a12a6fa574e6/vendor/ruby-2.0.0/include/ruby-2.0.0/ruby/backward -I/tmp/build_6e8d795bfd312046ee15a12a6fa574e6/vendor/ruby-2.0.0/include/ruby-2.0.0 -I.     -O3 -fno-fast-math -g -Wall -Wextra -Wno-unused-parameter -Wno-parentheses -Wno-long-long -Wno-missing-field-initializers -Wunused-variable -Wpointer-arith -Wwrite-strings -Wdeclaration-after-statement -Wimplicit-function-declaration  -g -DXP_UNIX -O3 -Wall -Wcast-qual -Wwrite-strings -Wconversion -Wmissing-noreturn -Winline -I/usr/include/libxml2 -I/usr/include/libxml2 -I/usr/include/libxml2 conftest.c  -L. -L/tmp/build_6e8d795bfd312046ee15a12a6fa574e6/vendor/ruby-2.0.0/lib -Wl,-R/tmp/build_6e8d795bfd312046ee15a12a6fa574e6/vendor/ruby-2.0.0/lib -L. -fstack-protector -rdynamic -Wl,-export-dynamic        -lxml2 -lxslt -lxml2 -lexslt -lxslt -lxml2 -Wl,-R -Wl,/tmp/build_6e8d795bfd312046ee15a12a6fa574e6/vendor/ruby-2.0.0/lib -L/tmp/build_6e8d795bfd312046ee15a12a6fa574e6/vendor/ruby-2.0.0/lib -lruby-static  -lxml2 -lxslt -lxml2 -lexslt -lxslt -lxml2 -lpthread -lrt -ldl -lcrypt -lm   -lc "
In file included from /tmp/build_6e8d795bfd312046ee15a12a6fa574e6/vendor/ruby-2.0.0/include/ruby-2.0.0/ruby.h:33:0,
                 from conftest.c:1:
/tmp/build_6e8d795bfd312046ee15a12a6fa574e6/vendor/ruby-2.0.0/include/ruby-2.0.0/ruby/ruby.h: In function ‘rb_float_value’:
/tmp/build_6e8d795bfd312046ee15a12a6fa574e6/vendor/ruby-2.0.0/include/ruby-2.0.0/ruby/ruby.h:777:6: warning: negative integer implicitly converted to unsigned type [-Wsign-conversion]
      t.v = RUBY_BIT_ROTR((2 - b63) | (v & ~0x03), 3);
      ^
/tmp/build_6e8d795bfd312046ee15a12a6fa574e6/vendor/ruby-2.0.0/include/ruby-2.0.0/ruby/ruby.h:777:6: warning: negative integer implicitly converted to unsigned type [-Wsign-conversion]
conftest.c: In function ‘t’:
conftest.c:7:32: warning: variable ‘p’ set but not used [-Wunused-but-set-variable]
 int t(void) { void ((*volatile p)()); p = (void ((*)()))exsltFuncRegister; return 0; }
                                ^
checked program was:
/* begin */
 1: #include "ruby.h"
 2: 
 3: #include <libexslt/exslt.h>
 4: 
 5: /*top*/
 6: extern int t(void);
 7: int t(void) { void ((*volatile p)()); p = (void ((*)()))exsltFuncRegister; return 0; }
 8: int main(int argc, char **argv)
 9: {
10:   if (argc > 1000000) {
11:     printf("%p", &t);
12:   }
13: 
14:   return 0;
15: }
/* end */

--------------------

have_func: checking for xmlHasFeature()... -------------------- yes

"gcc -o conftest -I/tmp/build_6e8d795bfd312046ee15a12a6fa574e6/vendor/ruby-2.0.0/include/ruby-2.0.0/x86_64-linux -I/tmp/build_6e8d795bfd312046ee15a12a6fa574e6/vendor/ruby-2.0.0/include/ruby-2.0.0/ruby/backward -I/tmp/build_6e8d795bfd312046ee15a12a6fa574e6/vendor/ruby-2.0.0/include/ruby-2.0.0 -I.     -O3 -fno-fast-math -g -Wall -Wextra -Wno-unused-parameter -Wno-parentheses -Wno-long-long -Wno-missing-field-initializers -Wunused-variable -Wpointer-arith -Wwrite-strings -Wdeclaration-after-statement -Wimplicit-function-declaration  -g -DXP_UNIX -O3 -Wall -Wcast-qual -Wwrite-strings -Wconversion -Wmissing-noreturn -Winline -I/usr/include/libxml2 -I/usr/include/libxml2 -I/usr/include/libxml2 conftest.c  -L. -L/tmp/build_6e8d795bfd312046ee15a12a6fa574e6/vendor/ruby-2.0.0/lib -Wl,-R/tmp/build_6e8d795bfd312046ee15a12a6fa574e6/vendor/ruby-2.0.0/lib -L. -fstack-protector -rdynamic -Wl,-export-dynamic        -lxml2 -lxslt -lxml2 -lexslt -lxslt -lxml2 -Wl,-R -Wl,/tmp/build_6e8d795bfd312046ee15a12a6fa574e6/vendor/ruby-2.0.0/lib -L/tmp/build_6e8d795bfd312046ee15a12a6fa574e6/vendor/ruby-2.0.0/lib -lruby-static  -lxml2 -lxslt -lxml2 -lexslt -lxslt -lxml2 -lpthread -lrt -ldl -lcrypt -lm   -lc "
In file included from /tmp/build_6e8d795bfd312046ee15a12a6fa574e6/vendor/ruby-2.0.0/include/ruby-2.0.0/ruby.h:33:0,
                 from conftest.c:1:
/tmp/build_6e8d795bfd312046ee15a12a6fa574e6/vendor/ruby-2.0.0/include/ruby-2.0.0/ruby/ruby.h: In function ‘rb_float_value’:
/tmp/build_6e8d795bfd312046ee15a12a6fa574e6/vendor/ruby-2.0.0/include/ruby-2.0.0/ruby/ruby.h:777:6: warning: negative integer implicitly converted to unsigned type [-Wsign-conversion]
      t.v = RUBY_BIT_ROTR((2 - b63) | (v & ~0x03), 3);
      ^
/tmp/build_6e8d795bfd312046ee15a12a6fa574e6/vendor/ruby-2.0.0/include/ruby-2.0.0/ruby/ruby.h:777:6: warning: negative integer implicitly converted to unsigned type [-Wsign-conversion]
conftest.c: In function ‘t’:
conftest.c:5:57: error: ‘xmlHasFeature’ undeclared (first use in this function)
 int t(void) { void ((*volatile p)()); p = (void ((*)()))xmlHasFeature; return 0; }
                                                         ^
conftest.c:5:57: note: each undeclared identifier is reported only once for each function it appears in
conftest.c:5:32: warning: variable ‘p’ set but not used [-Wunused-but-set-variable]
 int t(void) { void ((*volatile p)()); p = (void ((*)()))xmlHasFeature; return 0; }
                                ^
checked program was:
/* begin */
 1: #include "ruby.h"
 2: 
 3: /*top*/
 4: extern int t(void);
 5: int t(void) { void ((*volatile p)()); p = (void ((*)()))xmlHasFeature; return 0; }
 6: int main(int argc, char **argv)
 7: {
 8:   if (argc > 1000000) {
 9:     printf("%p", &t);
10:   }
11: 
12:   return 0;
13: }
/* end */

"gcc -o conftest -I/tmp/build_6e8d795bfd312046ee15a12a6fa574e6/vendor/ruby-2.0.0/include/ruby-2.0.0/x86_64-linux -I/tmp/build_6e8d795bfd312046ee15a12a6fa574e6/vendor/ruby-2.0.0/include/ruby-2.0.0/ruby/backward -I/tmp/build_6e8d795bfd312046ee15a12a6fa574e6/vendor/ruby-2.0.0/include/ruby-2.0.0 -I.     -O3 -fno-fast-math -g -Wall -Wextra -Wno-unused-parameter -Wno-parentheses -Wno-long-long -Wno-missing-field-initializers -Wunused-variable -Wpointer-arith -Wwrite-strings -Wdeclaration-after-statement -Wimplicit-function-declaration  -g -DXP_UNIX -O3 -Wall -Wcast-qual -Wwrite-strings -Wconversion -Wmissing-noreturn -Winline -I/usr/include/libxml2 -I/usr/include/libxml2 -I/usr/include/libxml2 conftest.c  -L. -L/tmp/build_6e8d795bfd312046ee15a12a6fa574e6/vendor/ruby-2.0.0/lib -Wl,-R/tmp/build_6e8d795bfd312046ee15a12a6fa574e6/vendor/ruby-2.0.0/lib -L. -fstack-protector -rdynamic -Wl,-export-dynamic        -lxml2 -lxslt -lxml2 -lexslt -lxslt -lxml2 -Wl,-R -Wl,/tmp/build_6e8d795bfd312046ee15a12a6fa574e6/vendor/ruby-2.0.0/lib -L/tmp/build_6e8d795bfd312046ee15a12a6fa574e6/vendor/ruby-2.0.0/lib -lruby-static  -lxml2 -lxslt -lxml2 -lexslt -lxslt -lxml2 -lpthread -lrt -ldl -lcrypt -lm   -lc "
In file included from /tmp/build_6e8d795bfd312046ee15a12a6fa574e6/vendor/ruby-2.0.0/include/ruby-2.0.0/ruby.h:33:0,
                 from conftest.c:1:
/tmp/build_6e8d795bfd312046ee15a12a6fa574e6/vendor/ruby-2.0.0/include/ruby-2.0.0/ruby/ruby.h: In function ‘rb_float_value’:
/tmp/build_6e8d795bfd312046ee15a12a6fa574e6/vendor/ruby-2.0.0/include/ruby-2.0.0/ruby/ruby.h:777:6: warning: negative integer implicitly converted to unsigned type [-Wsign-conversion]
      t.v = RUBY_BIT_ROTR((2 - b63) | (v & ~0x03), 3);
      ^
/tmp/build_6e8d795bfd312046ee15a12a6fa574e6/vendor/ruby-2.0.0/include/ruby-2.0.0/ruby/ruby.h:777:6: warning: negative integer implicitly converted to unsigned type [-Wsign-conversion]
conftest.c: In function ‘t’:
conftest.c:5:1: warning: implicit declaration of function ‘xmlHasFeature’ [-Wimplicit-function-declaration]
 int t(void) { xmlHasFeature(); return 0; }
 ^
checked program was:
/* begin */
 1: #include "ruby.h"
 2: 
 3: /*top*/
 4: extern int t(void);
 5: int t(void) { xmlHasFeature(); return 0; }
 6: int main(int argc, char **argv)
 7: {
 8:   if (argc > 1000000) {
 9:     printf("%p", &t);
10:   }
11: 
12:   return 0;
13: }
/* end */

--------------------

have_func: checking for xmlFirstElementChild()... -------------------- yes

"gcc -o conftest -I/tmp/build_6e8d795bfd312046ee15a12a6fa574e6/vendor/ruby-2.0.0/include/ruby-2.0.0/x86_64-linux -I/tmp/build_6e8d795bfd312046ee15a12a6fa574e6/vendor/ruby-2.0.0/include/ruby-2.0.0/ruby/backward -I/tmp/build_6e8d795bfd312046ee15a12a6fa574e6/vendor/ruby-2.0.0/include/ruby-2.0.0 -I.     -O3 -fno-fast-math -g -Wall -Wextra -Wno-unused-parameter -Wno-parentheses -Wno-long-long -Wno-missing-field-initializers -Wunused-variable -Wpointer-arith -Wwrite-strings -Wdeclaration-after-statement -Wimplicit-function-declaration  -g -DXP_UNIX -O3 -Wall -Wcast-qual -Wwrite-strings -Wconversion -Wmissing-noreturn -Winline -I/usr/include/libxml2 -I/usr/include/libxml2 -I/usr/include/libxml2 conftest.c  -L. -L/tmp/build_6e8d795bfd312046ee15a12a6fa574e6/vendor/ruby-2.0.0/lib -Wl,-R/tmp/build_6e8d795bfd312046ee15a12a6fa574e6/vendor/ruby-2.0.0/lib -L. -fstack-protector -rdynamic -Wl,-export-dynamic        -lxml2 -lxslt -lxml2 -lexslt -lxslt -lxml2 -Wl,-R -Wl,/tmp/build_6e8d795bfd312046ee15a12a6fa574e6/vendor/ruby-2.0.0/lib -L/tmp/build_6e8d795bfd312046ee15a12a6fa574e6/vendor/ruby-2.0.0/lib -lruby-static  -lxml2 -lxslt -lxml2 -lexslt -lxslt -lxml2 -lpthread -lrt -ldl -lcrypt -lm   -lc "
In file included from /tmp/build_6e8d795bfd312046ee15a12a6fa574e6/vendor/ruby-2.0.0/include/ruby-2.0.0/ruby.h:33:0,
                 from conftest.c:1:
/tmp/build_6e8d795bfd312046ee15a12a6fa574e6/vendor/ruby-2.0.0/include/ruby-2.0.0/ruby/ruby.h: In function ‘rb_float_value’:
/tmp/build_6e8d795bfd312046ee15a12a6fa574e6/vendor/ruby-2.0.0/include/ruby-2.0.0/ruby/ruby.h:777:6: warning: negative integer implicitly converted to unsigned type [-Wsign-conversion]
      t.v = RUBY_BIT_ROTR((2 - b63) | (v & ~0x03), 3);
      ^
/tmp/build_6e8d795bfd312046ee15a12a6fa574e6/vendor/ruby-2.0.0/include/ruby-2.0.0/ruby/ruby.h:777:6: warning: negative integer implicitly converted to unsigned type [-Wsign-conversion]
conftest.c: In function ‘t’:
conftest.c:5:57: error: ‘xmlFirstElementChild’ undeclared (first use in this function)
 int t(void) { void ((*volatile p)()); p = (void ((*)()))xmlFirstElementChild; return 0; }
                                                         ^
conftest.c:5:57: note: each undeclared identifier is reported only once for each function it appears in
conftest.c:5:32: warning: variable ‘p’ set but not used [-Wunused-but-set-variable]
 int t(void) { void ((*volatile p)()); p = (void ((*)()))xmlFirstElementChild; return 0; }
                                ^
checked program was:
/* begin */
 1: #include "ruby.h"
 2: 
 3: /*top*/
 4: extern int t(void);
 5: int t(void) { void ((*volatile p)()); p = (void ((*)()))xmlFirstElementChild; return 0; }
 6: int main(int argc, char **argv)
 7: {
 8:   if (argc > 1000000) {
 9:     printf("%p", &t);
10:   }
11: 
12:   return 0;
13: }
/* end */

"gcc -o conftest -I/tmp/build_6e8d795bfd312046ee15a12a6fa574e6/vendor/ruby-2.0.0/include/ruby-2.0.0/x86_64-linux -I/tmp/build_6e8d795bfd312046ee15a12a6fa574e6/vendor/ruby-2.0.0/include/ruby-2.0.0/ruby/backward -I/tmp/build_6e8d795bfd312046ee15a12a6fa574e6/vendor/ruby-2.0.0/include/ruby-2.0.0 -I.     -O3 -fno-fast-math -g -Wall -Wextra -Wno-unused-parameter -Wno-parentheses -Wno-long-long -Wno-missing-field-initializers -Wunused-variable -Wpointer-arith -Wwrite-strings -Wdeclaration-after-statement -Wimplicit-function-declaration  -g -DXP_UNIX -O3 -Wall -Wcast-qual -Wwrite-strings -Wconversion -Wmissing-noreturn -Winline -I/usr/include/libxml2 -I/usr/include/libxml2 -I/usr/include/libxml2 conftest.c  -L. -L/tmp/build_6e8d795bfd312046ee15a12a6fa574e6/vendor/ruby-2.0.0/lib -Wl,-R/tmp/build_6e8d795bfd312046ee15a12a6fa574e6/vendor/ruby-2.0.0/lib -L. -fstack-protector -rdynamic -Wl,-export-dynamic        -lxml2 -lxslt -lxml2 -lexslt -lxslt -lxml2 -Wl,-R -Wl,/tmp/build_6e8d795bfd312046ee15a12a6fa574e6/vendor/ruby-2.0.0/lib -L/tmp/build_6e8d795bfd312046ee15a12a6fa574e6/vendor/ruby-2.0.0/lib -lruby-static  -lxml2 -lxslt -lxml2 -lexslt -lxslt -lxml2 -lpthread -lrt -ldl -lcrypt -lm   -lc "
In file included from /tmp/build_6e8d795bfd312046ee15a12a6fa574e6/vendor/ruby-2.0.0/include/ruby-2.0.0/ruby.h:33:0,
                 from conftest.c:1:
/tmp/build_6e8d795bfd312046ee15a12a6fa574e6/vendor/ruby-2.0.0/include/ruby-2.0.0/ruby/ruby.h: In function ‘rb_float_value’:
/tmp/build_6e8d795bfd312046ee15a12a6fa574e6/vendor/ruby-2.0.0/include/ruby-2.0.0/ruby/ruby.h:777:6: warning: negative integer implicitly converted to unsigned type [-Wsign-conversion]
      t.v = RUBY_BIT_ROTR((2 - b63) | (v & ~0x03), 3);
      ^
/tmp/build_6e8d795bfd312046ee15a12a6fa574e6/vendor/ruby-2.0.0/include/ruby-2.0.0/ruby/ruby.h:777:6: warning: negative integer implicitly converted to unsigned type [-Wsign-conversion]
conftest.c: In function ‘t’:
conftest.c:5:1: warning: implicit declaration of function ‘xmlFirstElementChild’ [-Wimplicit-function-declaration]
 int t(void) { xmlFirstElementChild(); return 0; }
 ^
checked program was:
/* begin */
 1: #include "ruby.h"
 2: 
 3: /*top*/
 4: extern int t(void);
 5: int t(void) { xmlFirstElementChild(); return 0; }
 6: int main(int argc, char **argv)
 7: {
 8:   if (argc > 1000000) {
 9:     printf("%p", &t);
10:   }
11: 
12:   return 0;
13: }
/* end */

--------------------

have_func: checking for xmlRelaxNGSetParserStructuredErrors()... -------------------- yes

"gcc -o conftest -I/tmp/build_6e8d795bfd312046ee15a12a6fa574e6/vendor/ruby-2.0.0/include/ruby-2.0.0/x86_64-linux -I/tmp/build_6e8d795bfd312046ee15a12a6fa574e6/vendor/ruby-2.0.0/include/ruby-2.0.0/ruby/backward -I/tmp/build_6e8d795bfd312046ee15a12a6fa574e6/vendor/ruby-2.0.0/include/ruby-2.0.0 -I.     -O3 -fno-fast-math -g -Wall -Wextra -Wno-unused-parameter -Wno-parentheses -Wno-long-long -Wno-missing-field-initializers -Wunused-variable -Wpointer-arith -Wwrite-strings -Wdeclaration-after-statement -Wimplicit-function-declaration  -g -DXP_UNIX -O3 -Wall -Wcast-qual -Wwrite-strings -Wconversion -Wmissing-noreturn -Winline -I/usr/include/libxml2 -I/usr/include/libxml2 -I/usr/include/libxml2 conftest.c  -L. -L/tmp/build_6e8d795bfd312046ee15a12a6fa574e6/vendor/ruby-2.0.0/lib -Wl,-R/tmp/build_6e8d795bfd312046ee15a12a6fa574e6/vendor/ruby-2.0.0/lib -L. -fstack-protector -rdynamic -Wl,-export-dynamic        -lxml2 -lxslt -lxml2 -lexslt -lxslt -lxml2 -Wl,-R -Wl,/tmp/build_6e8d795bfd312046ee15a12a6fa574e6/vendor/ruby-2.0.0/lib -L/tmp/build_6e8d795bfd312046ee15a12a6fa574e6/vendor/ruby-2.0.0/lib -lruby-static  -lxml2 -lxslt -lxml2 -lexslt -lxslt -lxml2 -lpthread -lrt -ldl -lcrypt -lm   -lc "
In file included from /tmp/build_6e8d795bfd312046ee15a12a6fa574e6/vendor/ruby-2.0.0/include/ruby-2.0.0/ruby.h:33:0,
                 from conftest.c:1:
/tmp/build_6e8d795bfd312046ee15a12a6fa574e6/vendor/ruby-2.0.0/include/ruby-2.0.0/ruby/ruby.h: In function ‘rb_float_value’:
/tmp/build_6e8d795bfd312046ee15a12a6fa574e6/vendor/ruby-2.0.0/include/ruby-2.0.0/ruby/ruby.h:777:6: warning: negative integer implicitly converted to unsigned type [-Wsign-conversion]
      t.v = RUBY_BIT_ROTR((2 - b63) | (v & ~0x03), 3);
      ^
/tmp/build_6e8d795bfd312046ee15a12a6fa574e6/vendor/ruby-2.0.0/include/ruby-2.0.0/ruby/ruby.h:777:6: warning: negative integer implicitly converted to unsigned type [-Wsign-conversion]
conftest.c: In function ‘t’:
conftest.c:5:57: error: ‘xmlRelaxNGSetParserStructuredErrors’ undeclared (first use in this function)
 int t(void) { void ((*volatile p)()); p = (void ((*)()))xmlRelaxNGSetParserStructuredErrors; return 0; }
                                                         ^
conftest.c:5:57: note: each undeclared identifier is reported only once for each function it appears in
conftest.c:5:32: warning: variable ‘p’ set but not used [-Wunused-but-set-variable]
 int t(void) { void ((*volatile p)()); p = (void ((*)()))xmlRelaxNGSetParserStructuredErrors; return 0; }
                                ^
checked program was:
/* begin */
 1: #include "ruby.h"
 2: 
 3: /*top*/
 4: extern int t(void);
 5: int t(void) { void ((*volatile p)()); p = (void ((*)()))xmlRelaxNGSetParserStructuredErrors; return 0; }
 6: int main(int argc, char **argv)
 7: {
 8:   if (argc > 1000000) {
 9:     printf("%p", &t);
10:   }
11: 
12:   return 0;
13: }
/* end */

"gcc -o conftest -I/tmp/build_6e8d795bfd312046ee15a12a6fa574e6/vendor/ruby-2.0.0/include/ruby-2.0.0/x86_64-linux -I/tmp/build_6e8d795bfd312046ee15a12a6fa574e6/vendor/ruby-2.0.0/include/ruby-2.0.0/ruby/backward -I/tmp/build_6e8d795bfd312046ee15a12a6fa574e6/vendor/ruby-2.0.0/include/ruby-2.0.0 -I.     -O3 -fno-fast-math -g -Wall -Wextra -Wno-unused-parameter -Wno-parentheses -Wno-long-long -Wno-missing-field-initializers -Wunused-variable -Wpointer-arith -Wwrite-strings -Wdeclaration-after-statement -Wimplicit-function-declaration  -g -DXP_UNIX -O3 -Wall -Wcast-qual -Wwrite-strings -Wconversion -Wmissing-noreturn -Winline -I/usr/include/libxml2 -I/usr/include/libxml2 -I/usr/include/libxml2 conftest.c  -L. -L/tmp/build_6e8d795bfd312046ee15a12a6fa574e6/vendor/ruby-2.0.0/lib -Wl,-R/tmp/build_6e8d795bfd312046ee15a12a6fa574e6/vendor/ruby-2.0.0/lib -L. -fstack-protector -rdynamic -Wl,-export-dynamic        -lxml2 -lxslt -lxml2 -lexslt -lxslt -lxml2 -Wl,-R -Wl,/tmp/build_6e8d795bfd312046ee15a12a6fa574e6/vendor/ruby-2.0.0/lib -L/tmp/build_6e8d795bfd312046ee15a12a6fa574e6/vendor/ruby-2.0.0/lib -lruby-static  -lxml2 -lxslt -lxml2 -lexslt -lxslt -lxml2 -lpthread -lrt -ldl -lcrypt -lm   -lc "
In file included from /tmp/build_6e8d795bfd312046ee15a12a6fa574e6/vendor/ruby-2.0.0/include/ruby-2.0.0/ruby.h:33:0,
                 from conftest.c:1:
/tmp/build_6e8d795bfd312046ee15a12a6fa574e6/vendor/ruby-2.0.0/include/ruby-2.0.0/ruby/ruby.h: In function ‘rb_float_value’:
/tmp/build_6e8d795bfd312046ee15a12a6fa574e6/vendor/ruby-2.0.0/include/ruby-2.0.0/ruby/ruby.h:777:6: warning: negative integer implicitly converted to unsigned type [-Wsign-conversion]
      t.v = RUBY_BIT_ROTR((2 - b63) | (v & ~0x03), 3);
      ^
/tmp/build_6e8d795bfd312046ee15a12a6fa574e6/vendor/ruby-2.0.0/include/ruby-2.0.0/ruby/ruby.h:777:6: warning: negative integer implicitly converted to unsigned type [-Wsign-conversion]
conftest.c: In function ‘t’:
conftest.c:5:1: warning: implicit declaration of function ‘xmlRelaxNGSetParserStructuredErrors’ [-Wimplicit-function-declaration]
 int t(void) { xmlRelaxNGSetParserStructuredErrors(); return 0; }
 ^
checked program was:
/* begin */
 1: #include "ruby.h"
 2: 
 3: /*top*/
 4: extern int t(void);
 5: int t(void) { xmlRelaxNGSetParserStructuredErrors(); return 0; }
 6: int main(int argc, char **argv)
 7: {
 8:   if (argc > 1000000) {
 9:     printf("%p", &t);
10:   }
11: 
12:   return 0;
13: }
/* end */

--------------------

have_func: checking for xmlRelaxNGSetParserStructuredErrors()... -------------------- yes

"gcc -o conftest -I/tmp/build_6e8d795bfd312046ee15a12a6fa574e6/vendor/ruby-2.0.0/include/ruby-2.0.0/x86_64-linux -I/tmp/build_6e8d795bfd312046ee15a12a6fa574e6/vendor/ruby-2.0.0/include/ruby-2.0.0/ruby/backward -I/tmp/build_6e8d795bfd312046ee15a12a6fa574e6/vendor/ruby-2.0.0/include/ruby-2.0.0 -I.     -O3 -fno-fast-math -g -Wall -Wextra -Wno-unused-parameter -Wno-parentheses -Wno-long-long -Wno-missing-field-initializers -Wunused-variable -Wpointer-arith -Wwrite-strings -Wdeclaration-after-statement -Wimplicit-function-declaration  -g -DXP_UNIX -O3 -Wall -Wcast-qual -Wwrite-strings -Wconversion -Wmissing-noreturn -Winline -I/usr/include/libxml2 -I/usr/include/libxml2 -I/usr/include/libxml2 conftest.c  -L. -L/tmp/build_6e8d795bfd312046ee15a12a6fa574e6/vendor/ruby-2.0.0/lib -Wl,-R/tmp/build_6e8d795bfd312046ee15a12a6fa574e6/vendor/ruby-2.0.0/lib -L. -fstack-protector -rdynamic -Wl,-export-dynamic        -lxml2 -lxslt -lxml2 -lexslt -lxslt -lxml2 -Wl,-R -Wl,/tmp/build_6e8d795bfd312046ee15a12a6fa574e6/vendor/ruby-2.0.0/lib -L/tmp/build_6e8d795bfd312046ee15a12a6fa574e6/vendor/ruby-2.0.0/lib -lruby-static  -lxml2 -lxslt -lxml2 -lexslt -lxslt -lxml2 -lpthread -lrt -ldl -lcrypt -lm   -lc "
In file included from /tmp/build_6e8d795bfd312046ee15a12a6fa574e6/vendor/ruby-2.0.0/include/ruby-2.0.0/ruby.h:33:0,
                 from conftest.c:1:
/tmp/build_6e8d795bfd312046ee15a12a6fa574e6/vendor/ruby-2.0.0/include/ruby-2.0.0/ruby/ruby.h: In function ‘rb_float_value’:
/tmp/build_6e8d795bfd312046ee15a12a6fa574e6/vendor/ruby-2.0.0/include/ruby-2.0.0/ruby/ruby.h:777:6: warning: negative integer implicitly converted to unsigned type [-Wsign-conversion]
      t.v = RUBY_BIT_ROTR((2 - b63) | (v & ~0x03), 3);
      ^
/tmp/build_6e8d795bfd312046ee15a12a6fa574e6/vendor/ruby-2.0.0/include/ruby-2.0.0/ruby/ruby.h:777:6: warning: negative integer implicitly converted to unsigned type [-Wsign-conversion]
conftest.c: In function ‘t’:
conftest.c:5:57: error: ‘xmlRelaxNGSetParserStructuredErrors’ undeclared (first use in this function)
 int t(void) { void ((*volatile p)()); p = (void ((*)()))xmlRelaxNGSetParserStructuredErrors; return 0; }
                                                         ^
conftest.c:5:57: note: each undeclared identifier is reported only once for each function it appears in
conftest.c:5:32: warning: variable ‘p’ set but not used [-Wunused-but-set-variable]
 int t(void) { void ((*volatile p)()); p = (void ((*)()))xmlRelaxNGSetParserStructuredErrors; return 0; }
                                ^
checked program was:
/* begin */
 1: #include "ruby.h"
 2: 
 3: /*top*/
 4: extern int t(void);
 5: int t(void) { void ((*volatile p)()); p = (void ((*)()))xmlRelaxNGSetParserStructuredErrors; return 0; }
 6: int main(int argc, char **argv)
 7: {
 8:   if (argc > 1000000) {
 9:     printf("%p", &t);
10:   }
11: 
12:   return 0;
13: }
/* end */

"gcc -o conftest -I/tmp/build_6e8d795bfd312046ee15a12a6fa574e6/vendor/ruby-2.0.0/include/ruby-2.0.0/x86_64-linux -I/tmp/build_6e8d795bfd312046ee15a12a6fa574e6/vendor/ruby-2.0.0/include/ruby-2.0.0/ruby/backward -I/tmp/build_6e8d795bfd312046ee15a12a6fa574e6/vendor/ruby-2.0.0/include/ruby-2.0.0 -I.     -O3 -fno-fast-math -g -Wall -Wextra -Wno-unused-parameter -Wno-parentheses -Wno-long-long -Wno-missing-field-initializers -Wunused-variable -Wpointer-arith -Wwrite-strings -Wdeclaration-after-statement -Wimplicit-function-declaration  -g -DXP_UNIX -O3 -Wall -Wcast-qual -Wwrite-strings -Wconversion -Wmissing-noreturn -Winline -I/usr/include/libxml2 -I/usr/include/libxml2 -I/usr/include/libxml2 conftest.c  -L. -L/tmp/build_6e8d795bfd312046ee15a12a6fa574e6/vendor/ruby-2.0.0/lib -Wl,-R/tmp/build_6e8d795bfd312046ee15a12a6fa574e6/vendor/ruby-2.0.0/lib -L. -fstack-protector -rdynamic -Wl,-export-dynamic        -lxml2 -lxslt -lxml2 -lexslt -lxslt -lxml2 -Wl,-R -Wl,/tmp/build_6e8d795bfd312046ee15a12a6fa574e6/vendor/ruby-2.0.0/lib -L/tmp/build_6e8d795bfd312046ee15a12a6fa574e6/vendor/ruby-2.0.0/lib -lruby-static  -lxml2 -lxslt -lxml2 -lexslt -lxslt -lxml2 -lpthread -lrt -ldl -lcrypt -lm   -lc "
In file included from /tmp/build_6e8d795bfd312046ee15a12a6fa574e6/vendor/ruby-2.0.0/include/ruby-2.0.0/ruby.h:33:0,
                 from conftest.c:1:
/tmp/build_6e8d795bfd312046ee15a12a6fa574e6/vendor/ruby-2.0.0/include/ruby-2.0.0/ruby/ruby.h: In function ‘rb_float_value’:
/tmp/build_6e8d795bfd312046ee15a12a6fa574e6/vendor/ruby-2.0.0/include/ruby-2.0.0/ruby/ruby.h:777:6: warning: negative integer implicitly converted to unsigned type [-Wsign-conversion]
      t.v = RUBY_BIT_ROTR((2 - b63) | (v & ~0x03), 3);
      ^
/tmp/build_6e8d795bfd312046ee15a12a6fa574e6/vendor/ruby-2.0.0/include/ruby-2.0.0/ruby/ruby.h:777:6: warning: negative integer implicitly converted to unsigned type [-Wsign-conversion]
conftest.c: In function ‘t’:
conftest.c:5:1: warning: implicit declaration of function ‘xmlRelaxNGSetParserStructuredErrors’ [-Wimplicit-function-declaration]
 int t(void) { xmlRelaxNGSetParserStructuredErrors(); return 0; }
 ^
checked program was:
/* begin */
 1: #include "ruby.h"
 2: 
 3: /*top*/
 4: extern int t(void);
 5: int t(void) { xmlRelaxNGSetParserStructuredErrors(); return 0; }
 6: int main(int argc, char **argv)
 7: {
 8:   if (argc > 1000000) {
 9:     printf("%p", &t);
10:   }
11: 
12:   return 0;
13: }
/* end */

--------------------

have_func: checking for xmlRelaxNGSetValidStructuredErrors()... -------------------- yes

"gcc -o conftest -I/tmp/build_6e8d795bfd312046ee15a12a6fa574e6/vendor/ruby-2.0.0/include/ruby-2.0.0/x86_64-linux -I/tmp/build_6e8d795bfd312046ee15a12a6fa574e6/vendor/ruby-2.0.0/include/ruby-2.0.0/ruby/backward -I/tmp/build_6e8d795bfd312046ee15a12a6fa574e6/vendor/ruby-2.0.0/include/ruby-2.0.0 -I.     -O3 -fno-fast-math -g -Wall -Wextra -Wno-unused-parameter -Wno-parentheses -Wno-long-long -Wno-missing-field-initializers -Wunused-variable -Wpointer-arith -Wwrite-strings -Wdeclaration-after-statement -Wimplicit-function-declaration  -g -DXP_UNIX -O3 -Wall -Wcast-qual -Wwrite-strings -Wconversion -Wmissing-noreturn -Winline -I/usr/include/libxml2 -I/usr/include/libxml2 -I/usr/include/libxml2 conftest.c  -L. -L/tmp/build_6e8d795bfd312046ee15a12a6fa574e6/vendor/ruby-2.0.0/lib -Wl,-R/tmp/build_6e8d795bfd312046ee15a12a6fa574e6/vendor/ruby-2.0.0/lib -L. -fstack-protector -rdynamic -Wl,-export-dynamic        -lxml2 -lxslt -lxml2 -lexslt -lxslt -lxml2 -Wl,-R -Wl,/tmp/build_6e8d795bfd312046ee15a12a6fa574e6/vendor/ruby-2.0.0/lib -L/tmp/build_6e8d795bfd312046ee15a12a6fa574e6/vendor/ruby-2.0.0/lib -lruby-static  -lxml2 -lxslt -lxml2 -lexslt -lxslt -lxml2 -lpthread -lrt -ldl -lcrypt -lm   -lc "
In file included from /tmp/build_6e8d795bfd312046ee15a12a6fa574e6/vendor/ruby-2.0.0/include/ruby-2.0.0/ruby.h:33:0,
                 from conftest.c:1:
/tmp/build_6e8d795bfd312046ee15a12a6fa574e6/vendor/ruby-2.0.0/include/ruby-2.0.0/ruby/ruby.h: In function ‘rb_float_value’:
/tmp/build_6e8d795bfd312046ee15a12a6fa574e6/vendor/ruby-2.0.0/include/ruby-2.0.0/ruby/ruby.h:777:6: warning: negative integer implicitly converted to unsigned type [-Wsign-conversion]
      t.v = RUBY_BIT_ROTR((2 - b63) | (v & ~0x03), 3);
      ^
/tmp/build_6e8d795bfd312046ee15a12a6fa574e6/vendor/ruby-2.0.0/include/ruby-2.0.0/ruby/ruby.h:777:6: warning: negative integer implicitly converted to unsigned type [-Wsign-conversion]
conftest.c: In function ‘t’:
conftest.c:5:57: error: ‘xmlRelaxNGSetValidStructuredErrors’ undeclared (first use in this function)
 int t(void) { void ((*volatile p)()); p = (void ((*)()))xmlRelaxNGSetValidStructuredErrors; return 0; }
                                                         ^
conftest.c:5:57: note: each undeclared identifier is reported only once for each function it appears in
conftest.c:5:32: warning: variable ‘p’ set but not used [-Wunused-but-set-variable]
 int t(void) { void ((*volatile p)()); p = (void ((*)()))xmlRelaxNGSetValidStructuredErrors; return 0; }
                                ^
checked program was:
/* begin */
 1: #include "ruby.h"
 2: 
 3: /*top*/
 4: extern int t(void);
 5: int t(void) { void ((*volatile p)()); p = (void ((*)()))xmlRelaxNGSetValidStructuredErrors; return 0; }
 6: int main(int argc, char **argv)
 7: {
 8:   if (argc > 1000000) {
 9:     printf("%p", &t);
10:   }
11: 
12:   return 0;
13: }
/* end */

"gcc -o conftest -I/tmp/build_6e8d795bfd312046ee15a12a6fa574e6/vendor/ruby-2.0.0/include/ruby-2.0.0/x86_64-linux -I/tmp/build_6e8d795bfd312046ee15a12a6fa574e6/vendor/ruby-2.0.0/include/ruby-2.0.0/ruby/backward -I/tmp/build_6e8d795bfd312046ee15a12a6fa574e6/vendor/ruby-2.0.0/include/ruby-2.0.0 -I.     -O3 -fno-fast-math -g -Wall -Wextra -Wno-unused-parameter -Wno-parentheses -Wno-long-long -Wno-missing-field-initializers -Wunused-variable -Wpointer-arith -Wwrite-strings -Wdeclaration-after-statement -Wimplicit-function-declaration  -g -DXP_UNIX -O3 -Wall -Wcast-qual -Wwrite-strings -Wconversion -Wmissing-noreturn -Winline -I/usr/include/libxml2 -I/usr/include/libxml2 -I/usr/include/libxml2 conftest.c  -L. -L/tmp/build_6e8d795bfd312046ee15a12a6fa574e6/vendor/ruby-2.0.0/lib -Wl,-R/tmp/build_6e8d795bfd312046ee15a12a6fa574e6/vendor/ruby-2.0.0/lib -L. -fstack-protector -rdynamic -Wl,-export-dynamic        -lxml2 -lxslt -lxml2 -lexslt -lxslt -lxml2 -Wl,-R -Wl,/tmp/build_6e8d795bfd312046ee15a12a6fa574e6/vendor/ruby-2.0.0/lib -L/tmp/build_6e8d795bfd312046ee15a12a6fa574e6/vendor/ruby-2.0.0/lib -lruby-static  -lxml2 -lxslt -lxml2 -lexslt -lxslt -lxml2 -lpthread -lrt -ldl -lcrypt -lm   -lc "
In file included from /tmp/build_6e8d795bfd312046ee15a12a6fa574e6/vendor/ruby-2.0.0/include/ruby-2.0.0/ruby.h:33:0,
                 from conftest.c:1:
/tmp/build_6e8d795bfd312046ee15a12a6fa574e6/vendor/ruby-2.0.0/include/ruby-2.0.0/ruby/ruby.h: In function ‘rb_float_value’:
/tmp/build_6e8d795bfd312046ee15a12a6fa574e6/vendor/ruby-2.0.0/include/ruby-2.0.0/ruby/ruby.h:777:6: warning: negative integer implicitly converted to unsigned type [-Wsign-conversion]
      t.v = RUBY_BIT_ROTR((2 - b63) | (v & ~0x03), 3);
      ^
/tmp/build_6e8d795bfd312046ee15a12a6fa574e6/vendor/ruby-2.0.0/include/ruby-2.0.0/ruby/ruby.h:777:6: warning: negative integer implicitly converted to unsigned type [-Wsign-conversion]
conftest.c: In function ‘t’:
conftest.c:5:1: warning: implicit declaration of function ‘xmlRelaxNGSetValidStructuredErrors’ [-Wimplicit-function-declaration]
 int t(void) { xmlRelaxNGSetValidStructuredErrors(); return 0; }
 ^
checked program was:
/* begin */
 1: #include "ruby.h"
 2: 
 3: /*top*/
 4: extern int t(void);
 5: int t(void) { xmlRelaxNGSetValidStructuredErrors(); return 0; }
 6: int main(int argc, char **argv)
 7: {
 8:   if (argc > 1000000) {
 9:     printf("%p", &t);
10:   }
11: 
12:   return 0;
13: }
/* end */

--------------------

have_func: checking for xmlSchemaSetValidStructuredErrors()... -------------------- yes

"gcc -o conftest -I/tmp/build_6e8d795bfd312046ee15a12a6fa574e6/vendor/ruby-2.0.0/include/ruby-2.0.0/x86_64-linux -I/tmp/build_6e8d795bfd312046ee15a12a6fa574e6/vendor/ruby-2.0.0/include/ruby-2.0.0/ruby/backward -I/tmp/build_6e8d795bfd312046ee15a12a6fa574e6/vendor/ruby-2.0.0/include/ruby-2.0.0 -I.     -O3 -fno-fast-math -g -Wall -Wextra -Wno-unused-parameter -Wno-parentheses -Wno-long-long -Wno-missing-field-initializers -Wunused-variable -Wpointer-arith -Wwrite-strings -Wdeclaration-after-statement -Wimplicit-function-declaration  -g -DXP_UNIX -O3 -Wall -Wcast-qual -Wwrite-strings -Wconversion -Wmissing-noreturn -Winline -I/usr/include/libxml2 -I/usr/include/libxml2 -I/usr/include/libxml2 conftest.c  -L. -L/tmp/build_6e8d795bfd312046ee15a12a6fa574e6/vendor/ruby-2.0.0/lib -Wl,-R/tmp/build_6e8d795bfd312046ee15a12a6fa574e6/vendor/ruby-2.0.0/lib -L. -fstack-protector -rdynamic -Wl,-export-dynamic        -lxml2 -lxslt -lxml2 -lexslt -lxslt -lxml2 -Wl,-R -Wl,/tmp/build_6e8d795bfd312046ee15a12a6fa574e6/vendor/ruby-2.0.0/lib -L/tmp/build_6e8d795bfd312046ee15a12a6fa574e6/vendor/ruby-2.0.0/lib -lruby-static  -lxml2 -lxslt -lxml2 -lexslt -lxslt -lxml2 -lpthread -lrt -ldl -lcrypt -lm   -lc "
In file included from /tmp/build_6e8d795bfd312046ee15a12a6fa574e6/vendor/ruby-2.0.0/include/ruby-2.0.0/ruby.h:33:0,
                 from conftest.c:1:
/tmp/build_6e8d795bfd312046ee15a12a6fa574e6/vendor/ruby-2.0.0/include/ruby-2.0.0/ruby/ruby.h: In function ‘rb_float_value’:
/tmp/build_6e8d795bfd312046ee15a12a6fa574e6/vendor/ruby-2.0.0/include/ruby-2.0.0/ruby/ruby.h:777:6: warning: negative integer implicitly converted to unsigned type [-Wsign-conversion]
      t.v = RUBY_BIT_ROTR((2 - b63) | (v & ~0x03), 3);
      ^
/tmp/build_6e8d795bfd312046ee15a12a6fa574e6/vendor/ruby-2.0.0/include/ruby-2.0.0/ruby/ruby.h:777:6: warning: negative integer implicitly converted to unsigned type [-Wsign-conversion]
conftest.c: In function ‘t’:
conftest.c:5:57: error: ‘xmlSchemaSetValidStructuredErrors’ undeclared (first use in this function)
 int t(void) { void ((*volatile p)()); p = (void ((*)()))xmlSchemaSetValidStructuredErrors; return 0; }
                                                         ^
conftest.c:5:57: note: each undeclared identifier is reported only once for each function it appears in
conftest.c:5:32: warning: variable ‘p’ set but not used [-Wunused-but-set-variable]
 int t(void) { void ((*volatile p)()); p = (void ((*)()))xmlSchemaSetValidStructuredErrors; return 0; }
                                ^
checked program was:
/* begin */
 1: #include "ruby.h"
 2: 
 3: /*top*/
 4: extern int t(void);
 5: int t(void) { void ((*volatile p)()); p = (void ((*)()))xmlSchemaSetValidStructuredErrors; return 0; }
 6: int main(int argc, char **argv)
 7: {
 8:   if (argc > 1000000) {
 9:     printf("%p", &t);
10:   }
11: 
12:   return 0;
13: }
/* end */

"gcc -o conftest -I/tmp/build_6e8d795bfd312046ee15a12a6fa574e6/vendor/ruby-2.0.0/include/ruby-2.0.0/x86_64-linux -I/tmp/build_6e8d795bfd312046ee15a12a6fa574e6/vendor/ruby-2.0.0/include/ruby-2.0.0/ruby/backward -I/tmp/build_6e8d795bfd312046ee15a12a6fa574e6/vendor/ruby-2.0.0/include/ruby-2.0.0 -I.     -O3 -fno-fast-math -g -Wall -Wextra -Wno-unused-parameter -Wno-parentheses -Wno-long-long -Wno-missing-field-initializers -Wunused-variable -Wpointer-arith -Wwrite-strings -Wdeclaration-after-statement -Wimplicit-function-declaration  -g -DXP_UNIX -O3 -Wall -Wcast-qual -Wwrite-strings -Wconversion -Wmissing-noreturn -Winline -I/usr/include/libxml2 -I/usr/include/libxml2 -I/usr/include/libxml2 conftest.c  -L. -L/tmp/build_6e8d795bfd312046ee15a12a6fa574e6/vendor/ruby-2.0.0/lib -Wl,-R/tmp/build_6e8d795bfd312046ee15a12a6fa574e6/vendor/ruby-2.0.0/lib -L. -fstack-protector -rdynamic -Wl,-export-dynamic        -lxml2 -lxslt -lxml2 -lexslt -lxslt -lxml2 -Wl,-R -Wl,/tmp/build_6e8d795bfd312046ee15a12a6fa574e6/vendor/ruby-2.0.0/lib -L/tmp/build_6e8d795bfd312046ee15a12a6fa574e6/vendor/ruby-2.0.0/lib -lruby-static  -lxml2 -lxslt -lxml2 -lexslt -lxslt -lxml2 -lpthread -lrt -ldl -lcrypt -lm   -lc "
In file included from /tmp/build_6e8d795bfd312046ee15a12a6fa574e6/vendor/ruby-2.0.0/include/ruby-2.0.0/ruby.h:33:0,
                 from conftest.c:1:
/tmp/build_6e8d795bfd312046ee15a12a6fa574e6/vendor/ruby-2.0.0/include/ruby-2.0.0/ruby/ruby.h: In function ‘rb_float_value’:
/tmp/build_6e8d795bfd312046ee15a12a6fa574e6/vendor/ruby-2.0.0/include/ruby-2.0.0/ruby/ruby.h:777:6: warning: negative integer implicitly converted to unsigned type [-Wsign-conversion]
      t.v = RUBY_BIT_ROTR((2 - b63) | (v & ~0x03), 3);
      ^
/tmp/build_6e8d795bfd312046ee15a12a6fa574e6/vendor/ruby-2.0.0/include/ruby-2.0.0/ruby/ruby.h:777:6: warning: negative integer implicitly converted to unsigned type [-Wsign-conversion]
conftest.c: In function ‘t’:
conftest.c:5:1: warning: implicit declaration of function ‘xmlSchemaSetValidStructuredErrors’ [-Wimplicit-function-declaration]
 int t(void) { xmlSchemaSetValidStructuredErrors(); return 0; }
 ^
checked program was:
/* begin */
 1: #include "ruby.h"
 2: 
 3: /*top*/
 4: extern int t(void);
 5: int t(void) { xmlSchemaSetValidStructuredErrors(); return 0; }
 6: int main(int argc, char **argv)
 7: {
 8:   if (argc > 1000000) {
 9:     printf("%p", &t);
10:   }
11: 
12:   return 0;
13: }
/* end */

--------------------

have_func: checking for xmlSchemaSetParserStructuredErrors()... -------------------- yes

"gcc -o conftest -I/tmp/build_6e8d795bfd312046ee15a12a6fa574e6/vendor/ruby-2.0.0/include/ruby-2.0.0/x86_64-linux -I/tmp/build_6e8d795bfd312046ee15a12a6fa574e6/vendor/ruby-2.0.0/include/ruby-2.0.0/ruby/backward -I/tmp/build_6e8d795bfd312046ee15a12a6fa574e6/vendor/ruby-2.0.0/include/ruby-2.0.0 -I.     -O3 -fno-fast-math -g -Wall -Wextra -Wno-unused-parameter -Wno-parentheses -Wno-long-long -Wno-missing-field-initializers -Wunused-variable -Wpointer-arith -Wwrite-strings -Wdeclaration-after-statement -Wimplicit-function-declaration  -g -DXP_UNIX -O3 -Wall -Wcast-qual -Wwrite-strings -Wconversion -Wmissing-noreturn -Winline -I/usr/include/libxml2 -I/usr/include/libxml2 -I/usr/include/libxml2 conftest.c  -L. -L/tmp/build_6e8d795bfd312046ee15a12a6fa574e6/vendor/ruby-2.0.0/lib -Wl,-R/tmp/build_6e8d795bfd312046ee15a12a6fa574e6/vendor/ruby-2.0.0/lib -L. -fstack-protector -rdynamic -Wl,-export-dynamic        -lxml2 -lxslt -lxml2 -lexslt -lxslt -lxml2 -Wl,-R -Wl,/tmp/build_6e8d795bfd312046ee15a12a6fa574e6/vendor/ruby-2.0.0/lib -L/tmp/build_6e8d795bfd312046ee15a12a6fa574e6/vendor/ruby-2.0.0/lib -lruby-static  -lxml2 -lxslt -lxml2 -lexslt -lxslt -lxml2 -lpthread -lrt -ldl -lcrypt -lm   -lc "
In file included from /tmp/build_6e8d795bfd312046ee15a12a6fa574e6/vendor/ruby-2.0.0/include/ruby-2.0.0/ruby.h:33:0,
                 from conftest.c:1:
/tmp/build_6e8d795bfd312046ee15a12a6fa574e6/vendor/ruby-2.0.0/include/ruby-2.0.0/ruby/ruby.h: In function ‘rb_float_value’:
/tmp/build_6e8d795bfd312046ee15a12a6fa574e6/vendor/ruby-2.0.0/include/ruby-2.0.0/ruby/ruby.h:777:6: warning: negative integer implicitly converted to unsigned type [-Wsign-conversion]
      t.v = RUBY_BIT_ROTR((2 - b63) | (v & ~0x03), 3);
      ^
/tmp/build_6e8d795bfd312046ee15a12a6fa574e6/vendor/ruby-2.0.0/include/ruby-2.0.0/ruby/ruby.h:777:6: warning: negative integer implicitly converted to unsigned type [-Wsign-conversion]
conftest.c: In function ‘t’:
conftest.c:5:57: error: ‘xmlSchemaSetParserStructuredErrors’ undeclared (first use in this function)
 int t(void) { void ((*volatile p)()); p = (void ((*)()))xmlSchemaSetParserStructuredErrors; return 0; }
                                                         ^
conftest.c:5:57: note: each undeclared identifier is reported only once for each function it appears in
conftest.c:5:32: warning: variable ‘p’ set but not used [-Wunused-but-set-variable]
 int t(void) { void ((*volatile p)()); p = (void ((*)()))xmlSchemaSetParserStructuredErrors; return 0; }
                                ^
checked program was:
/* begin */
 1: #include "ruby.h"
 2: 
 3: /*top*/
 4: extern int t(void);
 5: int t(void) { void ((*volatile p)()); p = (void ((*)()))xmlSchemaSetParserStructuredErrors; return 0; }
 6: int main(int argc, char **argv)
 7: {
 8:   if (argc > 1000000) {
 9:     printf("%p", &t);
10:   }
11: 
12:   return 0;
13: }
/* end */

"gcc -o conftest -I/tmp/build_6e8d795bfd312046ee15a12a6fa574e6/vendor/ruby-2.0.0/include/ruby-2.0.0/x86_64-linux -I/tmp/build_6e8d795bfd312046ee15a12a6fa574e6/vendor/ruby-2.0.0/include/ruby-2.0.0/ruby/backward -I/tmp/build_6e8d795bfd312046ee15a12a6fa574e6/vendor/ruby-2.0.0/include/ruby-2.0.0 -I.     -O3 -fno-fast-math -g -Wall -Wextra -Wno-unused-parameter -Wno-parentheses -Wno-long-long -Wno-missing-field-initializers -Wunused-variable -Wpointer-arith -Wwrite-strings -Wdeclaration-after-statement -Wimplicit-function-declaration  -g -DXP_UNIX -O3 -Wall -Wcast-qual -Wwrite-strings -Wconversion -Wmissing-noreturn -Winline -I/usr/include/libxml2 -I/usr/include/libxml2 -I/usr/include/libxml2 conftest.c  -L. -L/tmp/build_6e8d795bfd312046ee15a12a6fa574e6/vendor/ruby-2.0.0/lib -Wl,-R/tmp/build_6e8d795bfd312046ee15a12a6fa574e6/vendor/ruby-2.0.0/lib -L. -fstack-protector -rdynamic -Wl,-export-dynamic        -lxml2 -lxslt -lxml2 -lexslt -lxslt -lxml2 -Wl,-R -Wl,/tmp/build_6e8d795bfd312046ee15a12a6fa574e6/vendor/ruby-2.0.0/lib -L/tmp/build_6e8d795bfd312046ee15a12a6fa574e6/vendor/ruby-2.0.0/lib -lruby-static  -lxml2 -lxslt -lxml2 -lexslt -lxslt -lxml2 -lpthread -lrt -ldl -lcrypt -lm   -lc "
In file included from /tmp/build_6e8d795bfd312046ee15a12a6fa574e6/vendor/ruby-2.0.0/include/ruby-2.0.0/ruby.h:33:0,
                 from conftest.c:1:
/tmp/build_6e8d795bfd312046ee15a12a6fa574e6/vendor/ruby-2.0.0/include/ruby-2.0.0/ruby/ruby.h: In function ‘rb_float_value’:
/tmp/build_6e8d795bfd312046ee15a12a6fa574e6/vendor/ruby-2.0.0/include/ruby-2.0.0/ruby/ruby.h:777:6: warning: negative integer implicitly converted to unsigned type [-Wsign-conversion]
      t.v = RUBY_BIT_ROTR((2 - b63) | (v & ~0x03), 3);
      ^
/tmp/build_6e8d795bfd312046ee15a12a6fa574e6/vendor/ruby-2.0.0/include/ruby-2.0.0/ruby/ruby.h:777:6: warning: negative integer implicitly converted to unsigned type [-Wsign-conversion]
conftest.c: In function ‘t’:
conftest.c:5:1: warning: implicit declaration of function ‘xmlSchemaSetParserStructuredErrors’ [-Wimplicit-function-declaration]
 int t(void) { xmlSchemaSetParserStructuredErrors(); return 0; }
 ^
checked program was:
/* begin */
 1: #include "ruby.h"
 2: 
 3: /*top*/
 4: extern int t(void);
 5: int t(void) { xmlSchemaSetParserStructuredErrors(); return 0; }
 6: int main(int argc, char **argv)
 7: {
 8:   if (argc > 1000000) {
 9:     printf("%p", &t);
10:   }
11: 
12:   return 0;
13: }
/* end */

--------------------

